{"message":"Cannot init application Error: Target directory is expected to be absolute","level":"error"}
{"message":"Cannot modify template C:\\Users\\салих1122\\Desktop\\app-network\\app-network\\rnparser/applications/111222/app/containers/ActiveTodosScreen.js","level":"error"}
{"message":"Cannot init application Error: Cannot modify template C:\\Users\\салих1122\\Desktop\\app-network\\app-network\\rnparser/applications/111222/app/containers/ActiveTodosScreen.js","level":"error"}
{"message":"Cannot modify template C:\\Users\\салих1122\\Desktop\\app-network\\app-network\\rnparser/applications/111222/app/containers/ActiveTodosScreen.js","level":"error"}
{"message":"Cannot init application Error: Cannot modify template C:\\Users\\салих1122\\Desktop\\app-network\\app-network\\rnparser/applications/111222/app/containers/ActiveTodosScreen.js","level":"error"}
{"message":"Cannot modify template C:\\Users\\салих1122\\Desktop\\app-network\\app-network\\rnparser/applications/111222/app/containers/ActiveTodosScreen.js","level":"error"}
{"message":"Cannot init application Error: Cannot modify template C:\\Users\\салих1122\\Desktop\\app-network\\app-network\\rnparser/applications/111222/app/containers/ActiveTodosScreen.js","level":"error"}
{"message":"Cannot modify template C:\\Users\\салих1122\\Desktop\\app-network\\app-network\\rnparser/applications/111222/app/containers/ActiveTodosScreen.js","level":"error"}
{"message":"Cannot init application Error: Cannot modify template C:\\Users\\салих1122\\Desktop\\app-network\\app-network\\rnparser/applications/111222/app/containers/ActiveTodosScreen.js","level":"error"}
{"message":"Cannot modify template C:\\Users\\салих1122\\Desktop\\app-network\\app-network\\rnparser/applications/111222/app/containers/ActiveTodosScreen.js","level":"error"}
{"message":"Cannot init application Error: Cannot modify template C:\\Users\\салих1122\\Desktop\\app-network\\app-network\\rnparser/applications/111222/app/containers/ActiveTodosScreen.js","level":"error"}
{"message":"Cannot modify template C:\\Users\\салих1122\\Desktop\\app-network\\app-network\\rnparser/applications/111222/app/containers/ActiveTodosScreen.js","level":"error"}
{"message":"Cannot init application Error: Cannot modify template C:\\Users\\салих1122\\Desktop\\app-network\\app-network\\rnparser/applications/111222/app/containers/ActiveTodosScreen.js","level":"error"}
{"message":"Cannot modify template C:\\Users\\салих1122\\Desktop\\app-network\\app-network\\rnparser/applications/111222/app/[object Object]","level":"error"}
{"message":"Cannot modify template C:\\Users\\салих1122\\Desktop\\app-network\\app-network\\rnparser/applications/111222/app/containers/ActiveTodosScreen.js","level":"error"}
{"message":"Cannot modify template C:\\Users\\салих1122\\Desktop\\app-network\\app-network\\rnparser/applications/111222/app/containers/ActiveTodosScreen.js","level":"error"}
{"message":"Cannot modify template C:\\Users\\салих1122\\Desktop\\app-network\\app-network\\rnparser/applications/111222/app/containers/ActiveTodosScreen.js","level":"error"}
{"message":"Cannot modify template C:\\Users\\салих1122\\Desktop\\app-network\\app-network\\rnparser/applications/111222/app/containers/ActiveTodosScreen.js","level":"error"}
{"message":"Cannot init application ReferenceError: result is not defined","level":"error"}
{"message":"Cannot init application ReferenceError: result is not defined","level":"error"}
{"message":"Cannot modify template C:\\Users\\салих1122\\Desktop\\app-network\\app-network\\rnparser/applications/111222/app/App.js","level":"error"}
{"message":"Cannot init application ReferenceError: start3 is not defined","level":"error"}
{"message":"Cannot init application Error: ENOENT: no such file or directory, open 'C:\\Users\\Salig\\Desktop\\app-network\\app-network\\rnparser\\sources\\templates\\food-delivery_v2.zip'","level":"error"}
{"message":"Cannot init application Error: end of central directory record signature not found","level":"error"}
{"message":"Cannot init application Error: ENOENT: no such file or directory, copyfile 'C:\\Users\\Salig\\Desktop\\app-network\\app-network\\rnparser\\applications\\1112224\\android\\app\\build\\outputs\\apk\\release\\app-release.apk' -> 'C:\\Users\\Salig\\Desktop\\app-network\\app-network\\apk_dir\\1112224.apk'","level":"error"}
{"message":"Cannot init application Error: ENOENT: no such file or directory, copyfile 'C:\\Users\\Salig\\Desktop\\app-network\\app-network\\rnparser\\applications\\1112224\\android\\app\\build\\outputs\\apk\\release\\app-release.apk' -> 'C:\\Users\\Salig\\Desktop\\app-network\\app-network\\rnparser\\public\\apk\\1112224.apk'","level":"error"}
{"message":"Cannot init application Error: ENOENT: no such file or directory, copyfile 'C:\\Users\\Salig\\Desktop\\app-network\\app-network\\rnparser\\applications\\1112224\\android\\app\\build\\outputs\\apk\\release\\app-release.apk' -> 'C:\\Users\\Salig\\Desktop\\app-network\\app-network\\rnparser\\public\\apk\\1112224.apk'","level":"error"}
{"message":"Cannot init application Error: ENOENT: no such file or directory, copyfile 'C:\\Users\\Salig\\Desktop\\app-network\\app-network\\rnparser\\applications\\1112224\\android\\app\\build\\outputs\\apk\\release\\app-release.apk' -> 'C:\\Users\\Salig\\Desktop\\app-network\\app-network\\public\\apk\\1112224.apk'","level":"error"}
{"message":"Cannot init application ReferenceError: page is not defined","level":"error"}
{"message":"Cannot modify template C:\\Users\\Salig\\Desktop\\app-network\\app-network\\rnparser/applications/1112224/src/screens/MainMenu/Main","level":"error"}
{"message":"Cannot modify template C:\\Users\\Salig\\Desktop\\app-network\\app-network\\rnparser/applications/1112224/src/screens/MainMenu/Main/index.js","level":"error"}
{"message":"Cannot modify template C:\\Users\\Salig\\Desktop\\app-network\\app-network\\rnparser/applications/1112224/src/screens/MainMenu/Main/index.tsx","level":"error"}
{"message":"Cannot modify template C:\\Users\\Salig\\Desktop\\app-network\\app-network\\rnparser/applications/1112224/src/screens/MainMenu/Main/index.tsx","level":"error"}
{"message":"Cannot modify template C:\\Users\\Salig\\Desktop\\app-network\\app-network\\rnparser/applications/1112224/src/screens/MainMenu/Main/index.tsx","level":"error"}
{"message":"Cannot modify template C:\\Users\\Salig\\Desktop\\app-network\\app-network\\rnparser/applications/1112224/src/screens/MainMenu/Main/index.tsx","level":"error"}
{"message":"Cannot modify template C:\\Users\\Salig\\Desktop\\app-network\\app-network\\rnparser/applications/1112224/src/screens/MainMenu/Main/index.tsx","level":"error"}
{"message":"Cannot modify template C:\\Users\\Salig\\Desktop\\app-network\\app-network\\rnparser/applications/1112224/src/screens/MainMenu/Main/index.tsx","level":"error"}
{"message":"Cannot modify template C:\\Users\\Salig\\Desktop\\app-network\\app-network\\rnparser/applications/1112224/src/screens/MainMenu/Main/index.tsx","level":"error"}
{"message":"Cannot modify template C:\\Users\\Salig\\Desktop\\app-network\\app-network\\rnparser/applications/1112224/src/screens/MainMenu/Main/index.tsx","level":"error"}
{"message":"Cannot modify template C:\\Users\\Salig\\Desktop\\app-network\\app-network\\rnparser/applications/1112224/src/screens/MainMenu/Main/index.tsx","level":"error"}
{"message":"Cannot modify template C:\\Users\\Salig\\Desktop\\app-network\\app-network\\rnparser/applications/1112224/src/screens/MainMenu/Main/index.tsx","level":"error"}
{"message":"Cannot modify template C:\\Users\\Salig\\Desktop\\app-network\\app-network\\rnparser/applications/1112224/src/screens/MainMenu/Main/index.tsx","level":"error"}
{"message":"Cannot modify template C:\\Users\\Salig\\Desktop\\app-network\\app-network\\rnparser/applications/1112224/src/screens/MainMenu/Main/index.tsx","level":"error"}
{"message":"Cannot modify template C:\\Users\\Salig\\Desktop\\app-network\\app-network\\rnparser/applications/1112224/src/screens/MainMenu/Main/index.tsx","level":"error"}
{"message":"Cannot modify template C:\\Users\\Salig\\Desktop\\app-network\\app-network\\rnparser/applications/1112224/src/screens/MainMenu/Main/index.tsx","level":"error"}
{"message":"Cannot modify template C:\\Users\\Salig\\Desktop\\app-network\\app-network\\rnparser/applications/1112224/src/screens/MainMenu/Main/index.tsx","level":"error"}
{"message":"Cannot modify template C:\\Users\\Salig\\Desktop\\app-network\\app-network\\rnparser/applications/1112224/src/screens/MainMenu/Main/index.tsx","level":"error"}
{"message":"Cannot modify template C:\\Users\\Salig\\Desktop\\app-network\\app-network\\rnparser/applications/1112224/src/screens/MainMenu/Main/index.tsx","level":"error"}
{"message":"Cannot modify template main","level":"error"}
{"message":"Cannot init application TypeError: Cannot read property 'dark' of undefined","level":"error"}
{"message":"Cannot init application ReferenceError: page is not defined","level":"error"}
{"message":"Cannot modify template main","level":"error"}
{"message":"Cannot modify template main","level":"error"}
